<?xml version="1.0" encoding="UTF-8"?>
<testsuite name="tests.YandexTest" tests="1" skipped="0" failures="0" errors="0" timestamp="2020-12-26T10:19:07" hostname="ROBERT" time="9.497">
  <properties/>
  <testcase name="yandexTest()" classname="tests.YandexTest" time="9.497"/>
  <system-out><![CDATA[12:19:07.635 [Test worker] DEBUG com.codeborne.selenide.impl.CiReportUrl - Variable selenide.reportsUrl not found
12:19:07.963 [Test worker] DEBUG com.codeborne.selenide.impl.Plugins - Using default implementation of com.codeborne.selenide.impl.Photographer: com.codeborne.selenide.impl.WebdriverPhotographer
12:19:07.969 [Test worker] DEBUG com.codeborne.selenide.impl.Plugins - Using default implementation of com.codeborne.selenide.impl.PageSourceExtractor: com.codeborne.selenide.impl.WebPageSourceExtractor
12:19:07.986 [Test worker] INFO com.codeborne.selenide.impl.WebDriverThreadLocalContainer - No webdriver is bound to current thread: 13 - let's create a new webdriver
12:19:07.987 [Test worker] DEBUG com.codeborne.selenide.webdriver.WebDriverFactory - browser=chrome
12:19:07.987 [Test worker] DEBUG com.codeborne.selenide.webdriver.WebDriverFactory - browser.version=null
12:19:07.987 [Test worker] DEBUG com.codeborne.selenide.webdriver.WebDriverFactory - remote=https://user1:1234@selenoid.autotests.cloud:4444/wd/hub/
12:19:07.987 [Test worker] DEBUG com.codeborne.selenide.webdriver.WebDriverFactory - browserSize=1366x768
12:19:07.987 [Test worker] DEBUG com.codeborne.selenide.webdriver.WebDriverFactory - startMaximized=true
12:19:08.052 [Test worker] DEBUG com.codeborne.selenide.webdriver.ChromeDriverFactory - Using chrome preferences: {credentials_enable_service=false, plugins.always_open_pdf_externally=true, profile.default_content_setting_values.automatic_downloads=1}
12:19:11.658 [Test worker] INFO com.codeborne.selenide.webdriver.WebDriverFactory - BrowserName=chrome Version=87.0.4280.66 Platform=LINUX
12:19:11.658 [Test worker] INFO com.codeborne.selenide.webdriver.WebDriverFactory - Selenide v. 5.16.2
12:19:11.658 [Test worker] INFO com.codeborne.selenide.webdriver.WebDriverFactory - Selenium WebDriver v. 3.141.59 build time: 2018-11-14T08:17:03
12:19:11.658 [Test worker] INFO com.codeborne.selenide.drivercommands.CreateDriverCommand - Create webdriver in current thread 13: RemoteWebDriver -> RemoteWebDriver: chrome on LINUX (7968e6ab749eec204127970dcbf1930d)
12:19:12.689 [Test worker] DEBUG com.codeborne.selenide.impl.Plugins - Using default implementation of com.codeborne.selenide.impl.ElementDescriber: com.codeborne.selenide.impl.SelenideElementDescriber
12:19:12.858 [Test worker] DEBUG com.codeborne.selenide.impl.Plugins - Using default implementation of com.codeborne.selenide.impl.DownloadFileToFolder: com.codeborne.selenide.impl.DownloadFileToFolder
12:19:16.901 [Test worker] INFO com.codeborne.selenide.drivercommands.CloseDriverCommand - Close webdriver: 13 -> RemoteWebDriver: chrome on LINUX (7968e6ab749eec204127970dcbf1930d)...
12:19:17.040 [Test worker] INFO com.codeborne.selenide.drivercommands.CloseDriverCommand - Closed webdriver 13 in 139 ms
]]></system-out>
  <system-err><![CDATA[Dec 26, 2020 12:19:11 PM org.openqa.selenium.remote.ProtocolHandshake createSession
INFO: Detected dialect: W3C
]]></system-err>
</testsuite>
