<?xml version="1.0" encoding="UTF-8"?>
<testsuite name="tests.YandexTest" tests="1" skipped="0" failures="0" errors="0" timestamp="2020-12-09T12:30:32" hostname="ROBERT" time="10.098">
  <properties/>
  <testcase name="yandexTest()" classname="tests.YandexTest" time="10.098"/>
  <system-out><![CDATA[14:30:32.799 [Test worker] DEBUG com.codeborne.selenide.impl.CiReportUrl - Variable selenide.reportsUrl not found
14:30:33.092 [Test worker] DEBUG com.codeborne.selenide.impl.Plugins - Using default implementation of com.codeborne.selenide.impl.Photographer: com.codeborne.selenide.impl.WebdriverPhotographer
14:30:33.112 [Test worker] DEBUG com.codeborne.selenide.impl.Plugins - Using default implementation of com.codeborne.selenide.impl.PageSourceExtractor: com.codeborne.selenide.impl.WebPageSourceExtractor
14:30:33.118 [Test worker] INFO com.codeborne.selenide.impl.WebDriverThreadLocalContainer - No webdriver is bound to current thread: 13 - let's create a new webdriver
14:30:33.118 [Test worker] DEBUG com.codeborne.selenide.webdriver.WebDriverFactory - browser=chrome
14:30:33.118 [Test worker] DEBUG com.codeborne.selenide.webdriver.WebDriverFactory - browser.version=null
14:30:33.118 [Test worker] DEBUG com.codeborne.selenide.webdriver.WebDriverFactory - remote=https://user1:1234@selenoid.autotests.cloud:4444/wd/hub/
14:30:33.118 [Test worker] DEBUG com.codeborne.selenide.webdriver.WebDriverFactory - browserSize=1366x768
14:30:33.119 [Test worker] DEBUG com.codeborne.selenide.webdriver.WebDriverFactory - startMaximized=true
14:30:33.157 [Test worker] DEBUG com.codeborne.selenide.webdriver.ChromeDriverFactory - Using chrome preferences: {credentials_enable_service=false, plugins.always_open_pdf_externally=true, profile.default_content_setting_values.automatic_downloads=1}
14:30:36.715 [Test worker] INFO com.codeborne.selenide.webdriver.WebDriverFactory - BrowserName=chrome Version=84.0.4147.89 Platform=LINUX
14:30:36.715 [Test worker] INFO com.codeborne.selenide.webdriver.WebDriverFactory - Selenide v. 5.16.2
14:30:36.715 [Test worker] INFO com.codeborne.selenide.webdriver.WebDriverFactory - Selenium WebDriver v. 3.141.59 build time: 2018-11-14T08:17:03
14:30:36.715 [Test worker] INFO com.codeborne.selenide.drivercommands.CreateDriverCommand - Create webdriver in current thread 13: RemoteWebDriver -> RemoteWebDriver: chrome on LINUX (4128ea0eda185accaee51ddc22c80f25)
14:30:37.789 [Test worker] DEBUG com.codeborne.selenide.impl.Plugins - Using default implementation of com.codeborne.selenide.impl.ElementDescriber: com.codeborne.selenide.impl.SelenideElementDescriber
14:30:37.891 [Test worker] DEBUG com.codeborne.selenide.impl.Plugins - Using default implementation of com.codeborne.selenide.impl.DownloadFileToFolder: com.codeborne.selenide.impl.DownloadFileToFolder
14:30:42.714 [Test worker] INFO com.codeborne.selenide.drivercommands.CloseDriverCommand - Close webdriver: 13 -> RemoteWebDriver: chrome on LINUX (4128ea0eda185accaee51ddc22c80f25)...
14:30:42.921 [Test worker] INFO com.codeborne.selenide.drivercommands.CloseDriverCommand - Closed webdriver 13 in 207 ms
]]></system-out>
  <system-err><![CDATA[Dec 09, 2020 2:30:36 PM org.openqa.selenium.remote.ProtocolHandshake createSession
INFO: Detected dialect: W3C
]]></system-err>
</testsuite>
